<?xml version="1.0" encoding="UTF-8"?>
<!-- Generated by org.testng.reporters.JUnitReportReporter -->
<testsuite hostname="DESKTOP-IHJP9RL" failures="0" tests="1" name="testCase.TC001_Account_Regristration_Test" time="3.599" errors="0" timestamp="2024-11-13T08:45:31 IST" skipped="0">
  <testcase classname="testCase.TC001_Account_Regristration_Test" name="test" time="3.599"/>
</testsuite> <!-- testCase.TC001_Account_Regristration_Test -->
