<?xml version="1.0" encoding="UTF-8"?>
<!-- Generated by org.testng.reporters.JUnitReportReporter -->
<testsuite hostname="DESKTOP-IHJP9RL" failures="0" tests="1" name="testCase.TC001_Account_Regristration_Test" time="17.416" errors="0" timestamp="2024-11-11T15:12:14 IST" skipped="0">
  <testcase classname="testCase.TC001_Account_Regristration_Test" name="test" time="17.416"/>
</testsuite> <!-- testCase.TC001_Account_Regristration_Test -->
